Determining if the pthread_create exist failed with the following output:
Change Dir: /home/jtmzheng/Work/Programming/graphics/cs488/shared/glfw-3.1.1/build/CMakeFiles/CMakeTmp

Run Build Command:/usr/bin/make "cmTryCompileExec2383763483/fast"
/usr/bin/make -f CMakeFiles/cmTryCompileExec2383763483.dir/build.make CMakeFiles/cmTryCompileExec2383763483.dir/build
make[1]: Entering directory `/home/jtmzheng/Work/Programming/graphics/cs488/shared/glfw-3.1.1/build/CMakeFiles/CMakeTmp'
/usr/bin/cmake -E cmake_progress_report /home/jtmzheng/Work/Programming/graphics/cs488/shared/glfw-3.1.1/build/CMakeFiles/CMakeTmp/CMakeFiles 1
Building C object CMakeFiles/cmTryCompileExec2383763483.dir/CheckSymbolExists.c.o
/usr/bin/cc    -o CMakeFiles/cmTryCompileExec2383763483.dir/CheckSymbolExists.c.o   -c /home/jtmzheng/Work/Programming/graphics/cs488/shared/glfw-3.1.1/build/CMakeFiles/CMakeTmp/CheckSymbolExists.c
Linking C executable cmTryCompileExec2383763483
/usr/bin/cmake -E cmake_link_script CMakeFiles/cmTryCompileExec2383763483.dir/link.txt --verbose=1
/usr/bin/cc       CMakeFiles/cmTryCompileExec2383763483.dir/CheckSymbolExists.c.o  -o cmTryCompileExec2383763483 -rdynamic 
CMakeFiles/cmTryCompileExec2383763483.dir/CheckSymbolExists.c.o: In function `main':
CheckSymbolExists.c:(.text+0x16): undefined reference to `pthread_create'
collect2: error: ld returned 1 exit status
make[1]: *** [cmTryCompileExec2383763483] Error 1
make[1]: Leaving directory `/home/jtmzheng/Work/Programming/graphics/cs488/shared/glfw-3.1.1/build/CMakeFiles/CMakeTmp'
make: *** [cmTryCompileExec2383763483/fast] Error 2

File /home/jtmzheng/Work/Programming/graphics/cs488/shared/glfw-3.1.1/build/CMakeFiles/CMakeTmp/CheckSymbolExists.c:
/* */
#include <pthread.h>

int main(int argc, char** argv)
{
  (void)argv;
#ifndef pthread_create
  return ((int*)(&pthread_create))[argc];
#else
  (void)argc;
  return 0;
#endif
}

Determining if the function pthread_create exists in the pthreads failed with the following output:
Change Dir: /home/jtmzheng/Work/Programming/graphics/cs488/shared/glfw-3.1.1/build/CMakeFiles/CMakeTmp

Run Build Command:/usr/bin/make "cmTryCompileExec2916835243/fast"
/usr/bin/make -f CMakeFiles/cmTryCompileExec2916835243.dir/build.make CMakeFiles/cmTryCompileExec2916835243.dir/build
make[1]: Entering directory `/home/jtmzheng/Work/Programming/graphics/cs488/shared/glfw-3.1.1/build/CMakeFiles/CMakeTmp'
/usr/bin/cmake -E cmake_progress_report /home/jtmzheng/Work/Programming/graphics/cs488/shared/glfw-3.1.1/build/CMakeFiles/CMakeTmp/CMakeFiles 1
Building C object CMakeFiles/cmTryCompileExec2916835243.dir/CheckFunctionExists.c.o
/usr/bin/cc   -DCHECK_FUNCTION_EXISTS=pthread_create   -o CMakeFiles/cmTryCompileExec2916835243.dir/CheckFunctionExists.c.o   -c /usr/share/cmake-2.8/Modules/CheckFunctionExists.c
Linking C executable cmTryCompileExec2916835243
/usr/bin/cmake -E cmake_link_script CMakeFiles/cmTryCompileExec2916835243.dir/link.txt --verbose=1
/usr/bin/cc   -DCHECK_FUNCTION_EXISTS=pthread_create    CMakeFiles/cmTryCompileExec2916835243.dir/CheckFunctionExists.c.o  -o cmTryCompileExec2916835243 -rdynamic -lpthreads 
/usr/bin/ld: cannot find -lpthreads
collect2: error: ld returned 1 exit status
make[1]: *** [cmTryCompileExec2916835243] Error 1
make[1]: Leaving directory `/home/jtmzheng/Work/Programming/graphics/cs488/shared/glfw-3.1.1/build/CMakeFiles/CMakeTmp'
make: *** [cmTryCompileExec2916835243/fast] Error 2


Determining if the function glXGetProcAddressEXT exists failed with the following output:
Change Dir: /home/jtmzheng/Work/Programming/graphics/cs488/shared/glfw-3.1.1/build/CMakeFiles/CMakeTmp

Run Build Command:/usr/bin/make "cmTryCompileExec2911117050/fast"
/usr/bin/make -f CMakeFiles/cmTryCompileExec2911117050.dir/build.make CMakeFiles/cmTryCompileExec2911117050.dir/build
make[1]: Entering directory `/home/jtmzheng/Work/Programming/graphics/cs488/shared/glfw-3.1.1/build/CMakeFiles/CMakeTmp'
/usr/bin/cmake -E cmake_progress_report /home/jtmzheng/Work/Programming/graphics/cs488/shared/glfw-3.1.1/build/CMakeFiles/CMakeTmp/CMakeFiles 1
Building C object CMakeFiles/cmTryCompileExec2911117050.dir/CheckFunctionExists.c.o
/usr/bin/cc   -DCHECK_FUNCTION_EXISTS=glXGetProcAddressEXT   -o CMakeFiles/cmTryCompileExec2911117050.dir/CheckFunctionExists.c.o   -c /usr/share/cmake-2.8/Modules/CheckFunctionExists.c
Linking C executable cmTryCompileExec2911117050
/usr/bin/cmake -E cmake_link_script CMakeFiles/cmTryCompileExec2911117050.dir/link.txt --verbose=1
/usr/bin/cc   -DCHECK_FUNCTION_EXISTS=glXGetProcAddressEXT    CMakeFiles/cmTryCompileExec2911117050.dir/CheckFunctionExists.c.o  -o cmTryCompileExec2911117050 -rdynamic -lGL 
CMakeFiles/cmTryCompileExec2911117050.dir/CheckFunctionExists.c.o: In function `main':
CheckFunctionExists.c:(.text+0x15): undefined reference to `glXGetProcAddressEXT'
collect2: error: ld returned 1 exit status
make[1]: *** [cmTryCompileExec2911117050] Error 1
make[1]: Leaving directory `/home/jtmzheng/Work/Programming/graphics/cs488/shared/glfw-3.1.1/build/CMakeFiles/CMakeTmp'
make: *** [cmTryCompileExec2911117050/fast] Error 2


